[2021-06-01T16:00:38.477] [DEBUG] cpptips - root path /home/ubuntu/code/Code/newcode
[2021-06-01T16:00:38.538] [INFO] cpptips - NC45.cpp
[2021-06-01T16:00:38.539] [DEBUG] cpptips - debug: file:///home/ubuntu/code/Code/newcode/NC45.cpp /home/ubuntu/code/Code/newcode/ NC45.cpp
[2021-06-01T16:00:38.540] [DEBUG] cpptips - userconfig {"needLoadLinkDir":[],"needLoadDir":[],"ignorDir":[],"ignoreFileAndDir":["^[.~]{1,1}[.]{1,128}$","^.*_tools_pb\\.(cpp|h)$","^.*testimpl_pb\\.(cpp|h)$","^.*\\.pb\\.(cc|h)$","^(sk_|sm_)[a-z0-9_.]{1,128}$","^mm3rd$","^lib32$","^lib64$","^lib64_debug$","^lib64_release$","^lib32_debug$","^lib32_release$","^debug$","^release$","^win32$","^bin$","^\\.svn$","^\\.git$","^\\.vscode$","^build64_fastbuild$"],"updateCheckIntervalTime":600000000,"defaultbuildscript":"function GetBuildCommands(hander, dirname, isCommd = true){\n\tlet commids = {\n\t\t'make':'make clean; make -j 8;mv a.out /tmp/;'\n\t};\n\thander.CallBack(0, commids, dirname);\n}","updateCheckUrl":"http://9.134.38.144:8888","buildParams":""}
[2021-06-01T16:00:38.540] [INFO] cpptips - config: {
  basedir: '/home/ubuntu/code/Code/newcode/',
  dbpath: '/home/ubuntu/code/Code/newcode//.vscode/db/cpptips.db',
  showsql: 0,
  extpath: '/home/ubuntu/.vscode-server/extensions/widyhu.cpptips-0.4.14',
  userConfig: {
    needLoadLinkDir: [],
    needLoadDir: [],
    ignorDir: [],
    ignoreFileAndDir: [
      '^[.~]{1,1}[.]{1,128}$',
      '^.*_tools_pb\\.(cpp|h)$',
      '^.*testimpl_pb\\.(cpp|h)$',
      '^.*\\.pb\\.(cc|h)$',
      '^(sk_|sm_)[a-z0-9_.]{1,128}$',
      '^mm3rd$',
      '^lib32$',
      '^lib64$',
      '^lib64_debug$',
      '^lib64_release$',
      '^lib32_debug$',
      '^lib32_release$',
      '^debug$',
      '^release$',
      '^win32$',
      '^bin$',
      '^\\.svn$',
      '^\\.git$',
      '^\\.vscode$',
      '^build64_fastbuild$'
    ],
    updateCheckIntervalTime: 600000000,
    defaultbuildscript: 'function GetBuildCommands(hander, dirname, isCommd = true){\n' +
      '\tlet commids = {\n' +
      "\t\t'make':'make clean; make -j 8;mv a.out /tmp/;'\n" +
      '\t};\n' +
      '\thander.CallBack(0, commids, dirname);\n' +
      '}',
    updateCheckUrl: 'http://9.134.38.144:8888',
    buildParams: ''
  }
}
[2021-06-01T16:00:38.541] [INFO] cpptips - db path! /home/ubuntu/code/Code/newcode//.vscode/db/cpptips.db /home/ubuntu/code/Code/newcode//.vscode/db
[2021-06-01T16:00:38.542] [INFO] cpptips - KeyWordStore in constructor
[2021-06-01T16:00:38.542] [INFO] cpptips - databasepath: /home/ubuntu/code/Code/newcode//.vscode/db/cpptips.db
[2021-06-01T16:00:38.544] [INFO] cpptips - FileIndexStore in constructor
[2021-06-01T16:00:38.545] [INFO] cpptips - begin _initSystemIncludeIndex!
[2021-06-01T16:00:38.621] [DEBUG] cpptips - begin getDocumentTree
[2021-06-01T16:00:38.622] [MARK] cpptips - getDocumentTree
[2021-06-01T16:00:38.623] [MARK] cpptips - Analyse
[2021-06-01T16:00:38.626] [MARK] cpptips - Analyse
[2021-06-01T16:00:38.626] [MARK] cpptips - getDocumentStruct
[2021-06-01T16:00:38.626] [MARK] cpptips - getDocumentStruct
[2021-06-01T16:00:38.626] [MARK] cpptips - getDocumentTree
[2021-06-01T16:00:38.736] [INFO] cpptips - begin _reloadAllIncludeFile!
[2021-06-01T16:00:38.738] [DEBUG] cpptips - _reloadAllIncludeFile {"msg_type":0,"data":{"basepath":"/home/ubuntu/code/Code/newcode/","dbpath":"/home/ubuntu/code/Code/newcode//.vscode/db/cpptips.db","userConfig":{"needLoadLinkDir":[],"needLoadDir":[],"ignorDir":[],"ignoreFileAndDir":["^[.~]{1,1}[.]{1,128}$","^.*_tools_pb\\.(cpp|h)$","^.*testimpl_pb\\.(cpp|h)$","^.*\\.pb\\.(cc|h)$","^(sk_|sm_)[a-z0-9_.]{1,128}$","^mm3rd$","^lib32$","^lib64$","^lib64_debug$","^lib64_release$","^lib32_debug$","^lib32_release$","^debug$","^release$","^win32$","^bin$","^\\.svn$","^\\.git$","^\\.vscode$","^build64_fastbuild$"],"updateCheckIntervalTime":600000000,"defaultbuildscript":"function GetBuildCommands(hander, dirname, isCommd = true){\n\tlet commids = {\n\t\t'make':'make clean; make -j 8;mv a.out /tmp/;'\n\t};\n\thander.CallBack(0, commids, dirname);\n}","updateCheckUrl":"http://9.134.38.144:8888","buildParams":""}}}
[2021-06-01T16:00:39.735] [DEBUG] cpptips - success
[2021-06-01T16:00:39.738] [ERROR] cpptips - not find t_keyword, create table now
[2021-06-01T16:00:45.273] [DEBUG] cpptips - onCompletion file:///home/ubuntu/code/Code/newcode/NC45.cpp
[2021-06-01T16:00:45.313] [DEBUG] cpptips - onCompletion file:///home/ubuntu/code/Code/newcode/NC45.cpp
[2021-06-01T16:00:46.532] [DEBUG] cpptips - begin getDocumentTree
[2021-06-01T16:00:46.532] [MARK] cpptips - getDocumentTree
[2021-06-01T16:00:46.533] [MARK] cpptips - Analyse
[2021-06-01T16:00:46.534] [MARK] cpptips - Analyse
[2021-06-01T16:00:46.534] [MARK] cpptips - getDocumentStruct
[2021-06-01T16:00:46.535] [MARK] cpptips - getDocumentStruct
[2021-06-01T16:00:46.535] [MARK] cpptips - getDocumentTree
[2021-06-01T16:00:46.788] [INFO] cpptips - {"changes":[{"uri":"file:///home/ubuntu/code/Code/newcode/.vscode/.git/c55ca4b98344a2752a06dd1ecd18feb3_NC45.cpp","type":1}]}
[2021-06-01T16:00:46.788] [INFO] cpptips - Set {}
[2021-06-01T16:00:47.331] [INFO] cpptips - Set {}
[2021-06-01T16:00:47.429] [INFO] cpptips - 1 0
[2021-06-01T16:00:47.429] [DEBUG] cpptips - begin getDefinePoint
[2021-06-01T16:00:47.429] [MARK] cpptips - getDefinePoint
[2021-06-01T16:00:47.431] [MARK] cpptips - getDefinePoint
[2021-06-01T16:00:49.308] [DEBUG] cpptips - begin getDocumentTree
[2021-06-01T16:00:49.308] [MARK] cpptips - getDocumentTree
[2021-06-01T16:00:49.308] [MARK] cpptips - Analyse
[2021-06-01T16:00:49.309] [MARK] cpptips - Analyse
[2021-06-01T16:00:49.309] [MARK] cpptips - getDocumentStruct
[2021-06-01T16:00:49.309] [MARK] cpptips - getDocumentStruct
[2021-06-01T16:00:49.309] [MARK] cpptips - getDocumentTree
[2021-06-01T16:00:51.381] [DEBUG] cpptips - pos: 2 1
[2021-06-01T16:00:51.382] [DEBUG] cpptips - begin preKeyWordSearch
[2021-06-01T16:00:51.382] [MARK] cpptips - preKeyWordSearch
[2021-06-01T16:00:51.382] [MARK] cpptips - preKeyWordSearch
[2021-06-01T16:00:51.840] [DEBUG] cpptips - pos: 2 4
[2021-06-01T16:00:51.840] [DEBUG] cpptips - begin preKeyWordSearch
[2021-06-01T16:00:51.840] [MARK] cpptips - preKeyWordSearch
[2021-06-01T16:00:51.840] [MARK] cpptips - preKeyWordSearch
[2021-06-01T16:00:54.706] [DEBUG] cpptips - begin getDocumentTree
[2021-06-01T16:00:54.706] [MARK] cpptips - getDocumentTree
[2021-06-01T16:00:54.706] [MARK] cpptips - Analyse
[2021-06-01T16:00:54.707] [MARK] cpptips - Analyse
[2021-06-01T16:00:54.707] [MARK] cpptips - getDocumentStruct
[2021-06-01T16:00:54.707] [MARK] cpptips - getDocumentStruct
[2021-06-01T16:00:54.707] [MARK] cpptips - getDocumentTree
[2021-06-01T16:01:02.720] [DEBUG] cpptips - begin getDocumentTree
[2021-06-01T16:01:02.720] [MARK] cpptips - getDocumentTree
[2021-06-01T16:01:02.720] [MARK] cpptips - Analyse
[2021-06-01T16:01:02.720] [MARK] cpptips - Analyse
[2021-06-01T16:01:02.721] [MARK] cpptips - getDocumentStruct
[2021-06-01T16:01:02.721] [MARK] cpptips - getDocumentStruct
[2021-06-01T16:01:02.721] [MARK] cpptips - getDocumentTree
[2021-06-01T16:01:07.537] [DEBUG] cpptips - begin getDocumentTree
[2021-06-01T16:01:07.537] [MARK] cpptips - getDocumentTree
[2021-06-01T16:01:07.537] [MARK] cpptips - Analyse
[2021-06-01T16:01:07.537] [MARK] cpptips - Analyse
[2021-06-01T16:01:07.537] [MARK] cpptips - getDocumentStruct
[2021-06-01T16:01:07.537] [MARK] cpptips - getDocumentStruct
[2021-06-01T16:01:07.537] [MARK] cpptips - getDocumentTree
[2021-06-01T16:01:18.050] [DEBUG] cpptips - reloadOneIncludeFileCallBack: success
[2021-06-01T16:01:18.115] [INFO] cpptips - {"changes":[{"uri":"file:///home/ubuntu/code/Code/newcode/NC45.cpp","type":2}]}
[2021-06-01T16:01:18.115] [INFO] cpptips - Set {}
[2021-06-01T16:01:18.690] [DEBUG] cpptips - success
[2021-06-01T16:01:18.690] [INFO] cpptips - true [ 3550 ]
[2021-06-01T16:01:19.177] [INFO] cpptips - 20 20
[2021-06-01T16:01:19.178] [DEBUG] cpptips - begin getDefinePoint
[2021-06-01T16:01:19.178] [MARK] cpptips - getDefinePoint
[2021-06-01T16:01:19.180] [MARK] cpptips - getDefinePoint
[2021-06-01T16:01:20.164] [DEBUG] cpptips - begin getDocumentTree
[2021-06-01T16:01:20.164] [MARK] cpptips - getDocumentTree
[2021-06-01T16:01:20.165] [MARK] cpptips - Analyse
[2021-06-01T16:01:20.169] [MARK] cpptips - Analyse
[2021-06-01T16:01:20.169] [MARK] cpptips - getDocumentStruct
[2021-06-01T16:01:20.169] [MARK] cpptips - getDocumentStruct
[2021-06-01T16:01:20.169] [MARK] cpptips - getDocumentTree
[2021-06-01T16:01:20.170] [DEBUG] cpptips - begin getDepsInDefineJson
[2021-06-01T16:01:20.170] [MARK] cpptips - getDepsInDefineJson
[2021-06-01T16:01:20.171] [MARK] cpptips - getDepsInDefineJson
[2021-06-01T16:01:22.288] [DEBUG] cpptips - pos: 14 5
[2021-06-01T16:01:22.288] [DEBUG] cpptips - begin preKeyWordSearch
[2021-06-01T16:01:22.288] [MARK] cpptips - preKeyWordSearch
[2021-06-01T16:01:22.288] [DEBUG] cpptips - linecode: incl
[2021-06-01T16:01:22.288] [DEBUG] cpptips - begin searchKeyWord
[2021-06-01T16:01:22.288] [MARK] cpptips - searchKeyWord
[2021-06-01T16:01:22.290] [MARK] cpptips - freezFindAllByPreKeyword
[2021-06-01T16:01:22.291] [MARK] cpptips - freezFindAllByPreKeyword
[2021-06-01T16:01:22.291] [MARK] cpptips - searchKeyWord
[2021-06-01T16:01:22.291] [MARK] cpptips - preKeyWordSearch
[2021-06-01T16:01:22.815] [DEBUG] cpptips - pos: 14 9
[2021-06-01T16:01:22.815] [DEBUG] cpptips - begin preKeyWordSearch
[2021-06-01T16:01:22.815] [MARK] cpptips - preKeyWordSearch
[2021-06-01T16:01:22.815] [DEBUG] cpptips - linecode: include
[2021-06-01T16:01:22.815] [DEBUG] cpptips - begin searchKeyWord
[2021-06-01T16:01:22.815] [MARK] cpptips - searchKeyWord
[2021-06-01T16:01:22.815] [MARK] cpptips - freezFindAllByPreKeyword
[2021-06-01T16:01:22.816] [MARK] cpptips - freezFindAllByPreKeyword
[2021-06-01T16:01:22.816] [MARK] cpptips - searchKeyWord
[2021-06-01T16:01:22.816] [MARK] cpptips - preKeyWordSearch
[2021-06-01T16:01:23.525] [DEBUG] cpptips - 14 10
[2021-06-01T16:01:23.525] [DEBUG] cpptips - begin getSignatureHelp
[2021-06-01T16:01:23.525] [MARK] cpptips - getSignatureHelp
[2021-06-01T16:01:23.525] [MARK] cpptips - _getValName
[2021-06-01T16:01:23.526] [MARK] cpptips - _getValName
[2021-06-01T16:01:23.526] [MARK] cpptips - getSignatureHelp
[2021-06-01T16:01:23.779] [DEBUG] cpptips - 14 11
[2021-06-01T16:01:23.780] [DEBUG] cpptips - begin getSignatureHelp
[2021-06-01T16:01:23.780] [MARK] cpptips - getSignatureHelp
[2021-06-01T16:01:23.780] [MARK] cpptips - _getValName
[2021-06-01T16:01:23.780] [MARK] cpptips - _getValName
[2021-06-01T16:01:23.780] [MARK] cpptips - _getValDefineOwn
[2021-06-01T16:01:23.780] [MARK] cpptips - _getValDefineOwn
[2021-06-01T16:01:23.781] [MARK] cpptips - getSignatureHelp
[2021-06-01T16:01:23.936] [DEBUG] cpptips - 14 12
[2021-06-01T16:01:23.936] [DEBUG] cpptips - begin getSignatureHelp
[2021-06-01T16:01:23.936] [MARK] cpptips - getSignatureHelp
[2021-06-01T16:01:23.936] [MARK] cpptips - _getValName
[2021-06-01T16:01:23.936] [MARK] cpptips - _getValName
[2021-06-01T16:01:23.936] [MARK] cpptips - _getValDefineOwn
[2021-06-01T16:01:23.936] [MARK] cpptips - _getValDefineOwn
[2021-06-01T16:01:23.937] [MARK] cpptips - getSignatureHelp
[2021-06-01T16:01:25.115] [DEBUG] cpptips - pos: 15 1
[2021-06-01T16:01:25.116] [DEBUG] cpptips - begin preKeyWordSearch
[2021-06-01T16:01:25.116] [MARK] cpptips - preKeyWordSearch
[2021-06-01T16:01:25.116] [DEBUG] cpptips - linecode: u
[2021-06-01T16:01:25.116] [DEBUG] cpptips - begin searchKeyWord
[2021-06-01T16:01:25.116] [MARK] cpptips - searchKeyWord
[2021-06-01T16:01:25.117] [MARK] cpptips - freezFindAllByPreKeyword
[2021-06-01T16:01:25.118] [MARK] cpptips - freezFindAllByPreKeyword
[2021-06-01T16:01:25.118] [MARK] cpptips - searchKeyWord
[2021-06-01T16:01:25.118] [MARK] cpptips - preKeyWordSearch
[2021-06-01T16:01:27.052] [DEBUG] cpptips - pos: 15 6
[2021-06-01T16:01:27.053] [DEBUG] cpptips - begin preKeyWordSearch
[2021-06-01T16:01:27.053] [MARK] cpptips - preKeyWordSearch
[2021-06-01T16:01:27.053] [DEBUG] cpptips - linecode: using
[2021-06-01T16:01:27.053] [DEBUG] cpptips - begin searchKeyWord
[2021-06-01T16:01:27.053] [MARK] cpptips - searchKeyWord
[2021-06-01T16:01:27.053] [MARK] cpptips - freezFindAllByPreKeyword
[2021-06-01T16:01:27.053] [MARK] cpptips - freezFindAllByPreKeyword
[2021-06-01T16:01:27.054] [MARK] cpptips - searchKeyWord
[2021-06-01T16:01:27.054] [MARK] cpptips - preKeyWordSearch
[2021-06-01T16:01:27.295] [DEBUG] cpptips - pos: 15 7
[2021-06-01T16:01:27.295] [DEBUG] cpptips - begin preKeyWordSearch
[2021-06-01T16:01:27.295] [MARK] cpptips - preKeyWordSearch
[2021-06-01T16:01:27.295] [DEBUG] cpptips - linecode: n
[2021-06-01T16:01:27.296] [DEBUG] cpptips - begin searchKeyWord
[2021-06-01T16:01:27.296] [MARK] cpptips - searchKeyWord
[2021-06-01T16:01:27.296] [MARK] cpptips - freezFindAllByPreKeyword
[2021-06-01T16:01:27.297] [MARK] cpptips - freezFindAllByPreKeyword
[2021-06-01T16:01:27.297] [MARK] cpptips - searchKeyWord
[2021-06-01T16:01:27.297] [MARK] cpptips - preKeyWordSearch
[2021-06-01T16:01:30.819] [DEBUG] cpptips - pos: 15 15
[2021-06-01T16:01:30.819] [DEBUG] cpptips - begin preKeyWordSearch
[2021-06-01T16:01:30.819] [MARK] cpptips - preKeyWordSearch
[2021-06-01T16:01:30.819] [DEBUG] cpptips - linecode: namespace
[2021-06-01T16:01:30.819] [DEBUG] cpptips - begin searchKeyWord
[2021-06-01T16:01:30.820] [MARK] cpptips - searchKeyWord
[2021-06-01T16:01:30.820] [MARK] cpptips - freezFindAllByPreKeyword
[2021-06-01T16:01:30.820] [MARK] cpptips - freezFindAllByPreKeyword
[2021-06-01T16:01:30.821] [MARK] cpptips - searchKeyWord
[2021-06-01T16:01:30.821] [MARK] cpptips - preKeyWordSearch
[2021-06-01T16:01:31.171] [DEBUG] cpptips - pos: 15 16
[2021-06-01T16:01:31.171] [DEBUG] cpptips - begin preKeyWordSearch
[2021-06-01T16:01:31.171] [MARK] cpptips - preKeyWordSearch
[2021-06-01T16:01:31.171] [DEBUG] cpptips - linecode: namespace
[2021-06-01T16:01:31.171] [DEBUG] cpptips - begin searchKeyWord
[2021-06-01T16:01:31.171] [MARK] cpptips - searchKeyWord
[2021-06-01T16:01:31.171] [MARK] cpptips - freezFindAllByPreKeyword
[2021-06-01T16:01:31.172] [MARK] cpptips - freezFindAllByPreKeyword
[2021-06-01T16:01:31.172] [MARK] cpptips - searchKeyWord
[2021-06-01T16:01:31.172] [MARK] cpptips - preKeyWordSearch
[2021-06-01T16:01:31.492] [DEBUG] cpptips - pos: 15 17
[2021-06-01T16:01:31.493] [DEBUG] cpptips - begin preKeyWordSearch
[2021-06-01T16:01:31.493] [MARK] cpptips - preKeyWordSearch
[2021-06-01T16:01:31.493] [DEBUG] cpptips - linecode: s
[2021-06-01T16:01:31.493] [DEBUG] cpptips - begin searchKeyWord
[2021-06-01T16:01:31.493] [MARK] cpptips - searchKeyWord
[2021-06-01T16:01:31.493] [MARK] cpptips - freezFindAllByPreKeyword
[2021-06-01T16:01:31.494] [MARK] cpptips - freezFindAllByPreKeyword
[2021-06-01T16:01:31.494] [MARK] cpptips - searchKeyWord
[2021-06-01T16:01:31.494] [MARK] cpptips - preKeyWordSearch
[2021-06-01T16:01:37.153] [DEBUG] cpptips - reloadOneIncludeFileCallBack: success
[2021-06-01T16:01:37.263] [INFO] cpptips - {"changes":[{"uri":"file:///home/ubuntu/code/Code/newcode/NC45.cpp","type":2}]}
[2021-06-01T16:01:37.264] [INFO] cpptips - Set {}
[2021-06-01T16:01:37.710] [DEBUG] cpptips - success
[2021-06-01T16:01:37.711] [INFO] cpptips - true [
  2147, 2237, 2688, 2751, 2686, 2666, 2665, 2687, 2703, 2149,
  2163, 2265, 2248, 2120, 2143, 2731, 2739, 2336, 2595, 2674,
  2680, 2681, 2682, 2740, 2711, 2121, 2144, 2712, 2154, 2156,
  2168, 2312, 2615, 2325, 2730, 2671, 2196, 2327, 2604, 2261,
  2105, 2128, 2117, 2140, 2736, 2744, 2597, 2617, 2727, 2684,
  2152, 2169, 2661, 2195, 2155, 2258, 2257, 2254, 2250, 2249,
  2256, 2255, 2011, 2298, 2749, 2735, 2710, 2222, 2266, 2763,
  2657, 2253, 2251, 2252, 2259, 2230, 1984, 2228, 2207, 2628,
  2018, 2647, 2206, 2627, 2151, 2167, 2239, 2608, 2328, 2226,
  2260, 2320, 2310, 2690, 2769,  174, 2172, 2798,  160, 1622,
  ... 198 more items
]
[2021-06-01T16:01:38.435] [INFO] cpptips - 32 42
[2021-06-01T16:01:38.435] [DEBUG] cpptips - begin getDefinePoint
[2021-06-01T16:01:38.435] [MARK] cpptips - getDefinePoint
[2021-06-01T16:01:38.437] [INFO] cpptips - filepath: /home/ubuntu/code/Code/newcode//NC45.cpp
[2021-06-01T16:01:38.437] [INFO] cpptips - _filename: /home/ubuntu/code/Code/newcode//NC45.cpp
[2021-06-01T16:01:38.437] [MARK] cpptips - getDefinePoint
[2021-06-01T16:01:38.775] [INFO] cpptips - 32 42
[2021-06-01T16:01:38.775] [DEBUG] cpptips - begin getDefinePoint
[2021-06-01T16:01:38.775] [MARK] cpptips - getDefinePoint
[2021-06-01T16:01:38.776] [INFO] cpptips - filepath: /home/ubuntu/code/Code/newcode//NC45.cpp
[2021-06-01T16:01:38.776] [INFO] cpptips - _filename: /home/ubuntu/code/Code/newcode//NC45.cpp
[2021-06-01T16:01:38.776] [MARK] cpptips - getDefinePoint
[2021-06-01T16:01:39.298] [DEBUG] cpptips - begin getDocumentTree
[2021-06-01T16:01:39.298] [MARK] cpptips - getDocumentTree
[2021-06-01T16:01:39.298] [MARK] cpptips - Analyse
[2021-06-01T16:01:39.300] [MARK] cpptips - Analyse
[2021-06-01T16:01:39.300] [MARK] cpptips - getDocumentStruct
[2021-06-01T16:01:39.300] [MARK] cpptips - getDocumentStruct
[2021-06-01T16:01:39.300] [MARK] cpptips - getDocumentTree
[2021-06-01T16:01:39.300] [DEBUG] cpptips - begin getDepsInDefineJson
[2021-06-01T16:01:39.300] [MARK] cpptips - getDepsInDefineJson
[2021-06-01T16:01:39.300] [MARK] cpptips - getDepsInDefineJson
[2021-06-01T16:01:46.210] [INFO] cpptips - 21 2
[2021-06-01T16:01:46.210] [DEBUG] cpptips - begin getDefinePoint
[2021-06-01T16:01:46.210] [MARK] cpptips - getDefinePoint
[2021-06-01T16:01:46.211] [MARK] cpptips - getDefinePoint
[2021-06-01T16:01:54.672] [INFO] cpptips - 28 12
[2021-06-01T16:01:54.672] [DEBUG] cpptips - begin getDefinePoint
[2021-06-01T16:01:54.672] [MARK] cpptips - getDefinePoint
[2021-06-01T16:01:54.672] [MARK] cpptips - getDefinePoint
[2021-06-01T16:01:55.652] [INFO] cpptips - 17 15
[2021-06-01T16:01:55.652] [DEBUG] cpptips - begin getDefinePoint
[2021-06-01T16:01:55.652] [MARK] cpptips - getDefinePoint
[2021-06-01T16:01:55.653] [INFO] cpptips - filepath: /home/ubuntu/code/Code/newcode//NC45.cpp
[2021-06-01T16:01:55.653] [INFO] cpptips - _filename: /home/ubuntu/code/Code/newcode//NC45.cpp
[2021-06-01T16:01:55.653] [MARK] cpptips - getDefinePoint
[2021-06-01T16:02:00.968] [DEBUG] cpptips - begin getDocumentTree
[2021-06-01T16:02:00.968] [MARK] cpptips - getDocumentTree
[2021-06-01T16:02:00.968] [MARK] cpptips - Analyse
[2021-06-01T16:02:00.970] [MARK] cpptips - Analyse
[2021-06-01T16:02:00.970] [MARK] cpptips - getDocumentStruct
[2021-06-01T16:02:00.970] [MARK] cpptips - getDocumentStruct
[2021-06-01T16:02:00.970] [MARK] cpptips - getDocumentTree
[2021-06-01T16:02:00.970] [DEBUG] cpptips - begin getDepsInDefineJson
[2021-06-01T16:02:00.970] [MARK] cpptips - getDepsInDefineJson
[2021-06-01T16:02:00.970] [MARK] cpptips - getDepsInDefineJson
[2021-06-01T16:02:06.777] [DEBUG] cpptips - begin getDocumentTree
[2021-06-01T16:02:06.777] [MARK] cpptips - getDocumentTree
[2021-06-01T16:02:06.777] [MARK] cpptips - Analyse
[2021-06-01T16:02:06.778] [MARK] cpptips - Analyse
[2021-06-01T16:02:06.778] [MARK] cpptips - getDocumentStruct
[2021-06-01T16:02:06.778] [MARK] cpptips - getDocumentStruct
[2021-06-01T16:02:06.778] [MARK] cpptips - getDocumentTree
[2021-06-01T16:02:06.778] [DEBUG] cpptips - begin getDepsInDefineJson
[2021-06-01T16:02:06.778] [MARK] cpptips - getDepsInDefineJson
[2021-06-01T16:02:06.779] [MARK] cpptips - getDepsInDefineJson
[2021-06-01T16:02:08.816] [INFO] cpptips - 17 1
[2021-06-01T16:02:08.817] [DEBUG] cpptips - begin getDefinePoint
[2021-06-01T16:02:08.817] [MARK] cpptips - getDefinePoint
[2021-06-01T16:02:08.817] [MARK] cpptips - getDefinePoint
[2021-06-01T16:02:10.107] [DEBUG] cpptips - begin getDocumentTree
[2021-06-01T16:02:10.107] [MARK] cpptips - getDocumentTree
[2021-06-01T16:02:10.107] [MARK] cpptips - Analyse
[2021-06-01T16:02:10.108] [MARK] cpptips - Analyse
[2021-06-01T16:02:10.108] [MARK] cpptips - getDocumentStruct
[2021-06-01T16:02:10.108] [MARK] cpptips - getDocumentStruct
[2021-06-01T16:02:10.108] [MARK] cpptips - getDocumentTree
[2021-06-01T16:02:10.109] [DEBUG] cpptips - begin getDepsInDefineJson
[2021-06-01T16:02:10.109] [MARK] cpptips - getDepsInDefineJson
[2021-06-01T16:02:10.109] [MARK] cpptips - getDepsInDefineJson
[2021-06-01T16:02:11.945] [INFO] cpptips - 19 2
[2021-06-01T16:02:11.945] [DEBUG] cpptips - begin getDefinePoint
[2021-06-01T16:02:11.945] [MARK] cpptips - getDefinePoint
[2021-06-01T16:02:11.945] [MARK] cpptips - getDefinePoint
[2021-06-01T16:02:13.193] [INFO] cpptips - 20 3
[2021-06-01T16:02:13.193] [DEBUG] cpptips - begin getDefinePoint
[2021-06-01T16:02:13.193] [MARK] cpptips - getDefinePoint
[2021-06-01T16:02:13.194] [MARK] cpptips - getDefinePoint
[2021-06-01T16:02:13.532] [INFO] cpptips - 20 2
[2021-06-01T16:02:13.532] [DEBUG] cpptips - begin getDefinePoint
[2021-06-01T16:02:13.532] [MARK] cpptips - getDefinePoint
[2021-06-01T16:02:13.533] [MARK] cpptips - getDefinePoint
[2021-06-01T16:02:14.596] [INFO] cpptips - 21 1
[2021-06-01T16:02:14.596] [DEBUG] cpptips - begin getDefinePoint
[2021-06-01T16:02:14.596] [MARK] cpptips - getDefinePoint
[2021-06-01T16:02:14.597] [MARK] cpptips - getDefinePoint
[2021-06-01T16:02:14.902] [INFO] cpptips - 21 2
[2021-06-01T16:02:14.902] [DEBUG] cpptips - begin getDefinePoint
[2021-06-01T16:02:14.902] [MARK] cpptips - getDefinePoint
[2021-06-01T16:02:14.903] [MARK] cpptips - getDefinePoint
[2021-06-01T16:02:16.971] [INFO] cpptips - 22 1
[2021-06-01T16:02:16.971] [DEBUG] cpptips - begin getDefinePoint
[2021-06-01T16:02:16.971] [MARK] cpptips - getDefinePoint
[2021-06-01T16:02:16.972] [MARK] cpptips - getDefinePoint
[2021-06-01T16:02:17.289] [INFO] cpptips - 22 2
[2021-06-01T16:02:17.289] [DEBUG] cpptips - begin getDefinePoint
[2021-06-01T16:02:17.289] [MARK] cpptips - getDefinePoint
[2021-06-01T16:02:17.290] [MARK] cpptips - getDefinePoint
[2021-06-01T16:02:19.952] [DEBUG] cpptips - reloadOneIncludeFileCallBack: success
[2021-06-01T16:02:20.073] [INFO] cpptips - {"changes":[{"uri":"file:///home/ubuntu/code/Code/newcode/NC45.cpp","type":2}]}
[2021-06-01T16:02:20.073] [INFO] cpptips - Set {}
[2021-06-01T16:02:20.725] [DEBUG] cpptips - success
[2021-06-01T16:02:20.725] [INFO] cpptips - true [ 3550 ]
[2021-06-01T16:02:21.275] [DEBUG] cpptips - begin getDocumentTree
[2021-06-01T16:02:21.275] [MARK] cpptips - getDocumentTree
[2021-06-01T16:02:21.275] [MARK] cpptips - Analyse
[2021-06-01T16:02:21.277] [MARK] cpptips - Analyse
[2021-06-01T16:02:21.277] [MARK] cpptips - getDocumentStruct
[2021-06-01T16:02:21.278] [MARK] cpptips - getDocumentStruct
[2021-06-01T16:02:21.278] [MARK] cpptips - getDocumentTree
[2021-06-01T16:02:21.278] [DEBUG] cpptips - begin getDepsInDefineJson
[2021-06-01T16:02:21.278] [MARK] cpptips - getDepsInDefineJson
[2021-06-01T16:02:21.279] [MARK] cpptips - getDepsInDefineJson
[2021-06-01T16:02:49.761] [INFO] cpptips - {"changes":[{"uri":"file:///home/ubuntu/code/Code/newcode/.vscode/.git/c55ca4b98344a2752a06dd1ecd18feb3_NC45.cpp","type":2}]}
[2021-06-01T16:02:49.762] [INFO] cpptips - Set {}
[2021-06-01T16:04:52.774] [INFO] cpptips - {"changes":[{"uri":"file:///home/ubuntu/code/Code/newcode/.vscode/.git/c55ca4b98344a2752a06dd1ecd18feb3_NC45.cpp","type":2}]}
[2021-06-01T16:04:52.774] [INFO] cpptips - Set {}
[2021-06-01T16:10:25.600] [DEBUG] cpptips - begin getDocumentTree
[2021-06-01T16:10:25.600] [MARK] cpptips - getDocumentTree
[2021-06-01T16:10:25.600] [MARK] cpptips - Analyse
[2021-06-01T16:10:25.601] [MARK] cpptips - Analyse
[2021-06-01T16:10:25.601] [MARK] cpptips - getDocumentStruct
[2021-06-01T16:10:25.602] [MARK] cpptips - getDocumentStruct
[2021-06-01T16:10:25.602] [MARK] cpptips - getDocumentTree
[2021-06-01T16:10:25.602] [DEBUG] cpptips - begin getDepsInDefineJson
[2021-06-01T16:10:25.602] [MARK] cpptips - getDepsInDefineJson
[2021-06-01T16:10:25.602] [MARK] cpptips - getDepsInDefineJson
[2021-06-01T16:10:25.750] [INFO] cpptips - NC119.cpp
[2021-06-01T16:10:25.750] [DEBUG] cpptips - debug: file:///home/ubuntu/code/Code/newcode/NC119.cpp /home/ubuntu/code/Code/newcode/ NC119.cpp
[2021-06-01T16:10:25.751] [DEBUG] cpptips - begin getDocumentTree
[2021-06-01T16:10:25.751] [MARK] cpptips - getDocumentTree
[2021-06-01T16:10:25.751] [MARK] cpptips - Analyse
[2021-06-01T16:10:25.752] [MARK] cpptips - Analyse
[2021-06-01T16:10:25.752] [MARK] cpptips - getDocumentStruct
[2021-06-01T16:10:25.752] [MARK] cpptips - getDocumentStruct
[2021-06-01T16:10:25.752] [MARK] cpptips - getDocumentTree
[2021-06-01T16:10:25.752] [DEBUG] cpptips - begin getDepsInDefineJson
[2021-06-01T16:10:25.752] [MARK] cpptips - getDepsInDefineJson
[2021-06-01T16:10:25.753] [MARK] cpptips - getDepsInDefineJson
[2021-06-01T16:10:27.139] [DEBUG] cpptips - success
[2021-06-01T16:10:28.930] [INFO] cpptips - {"changes":[{"uri":"file:///home/ubuntu/code/Code/newcode/.vscode/.git/c55ca4b98344a2752a06dd1ecd18feb3_NC119.cpp","type":2}]}
[2021-06-01T16:10:28.930] [INFO] cpptips - Set {}
[2021-06-01T16:28:56.125] [DEBUG] cpptips - root path /home/ubuntu/code/Code/newcode
[2021-06-01T16:28:56.191] [INFO] cpptips - NC119.cpp
[2021-06-01T16:28:56.191] [DEBUG] cpptips - debug: file:///home/ubuntu/code/Code/newcode/NC119.cpp /home/ubuntu/code/Code/newcode/ NC119.cpp
[2021-06-01T16:28:56.228] [DEBUG] cpptips - userconfig {"needLoadLinkDir":[],"needLoadDir":[],"ignorDir":[],"ignoreFileAndDir":["^[.~]{1,1}[.]{1,128}$","^.*_tools_pb\\.(cpp|h)$","^.*testimpl_pb\\.(cpp|h)$","^.*\\.pb\\.(cc|h)$","^(sk_|sm_)[a-z0-9_.]{1,128}$","^mm3rd$","^lib32$","^lib64$","^lib64_debug$","^lib64_release$","^lib32_debug$","^lib32_release$","^debug$","^release$","^win32$","^bin$","^\\.svn$","^\\.git$","^\\.vscode$","^build64_fastbuild$"],"updateCheckIntervalTime":600000000,"defaultbuildscript":"function GetBuildCommands(hander, dirname, isCommd = true){\n\tlet commids = {\n\t\t'make':'make clean; make -j 8;mv a.out /tmp/;'\n\t};\n\thander.CallBack(0, commids, dirname);\n}","updateCheckUrl":"http://9.134.38.144:8888","buildParams":""}
[2021-06-01T16:28:56.229] [INFO] cpptips - config: {
  basedir: '/home/ubuntu/code/Code/newcode/',
  dbpath: '/home/ubuntu/code/Code/newcode//.vscode/db/cpptips.db',
  showsql: 0,
  extpath: '/home/ubuntu/.vscode-server/extensions/widyhu.cpptips-0.4.14',
  userConfig: {
    needLoadLinkDir: [],
    needLoadDir: [],
    ignorDir: [],
    ignoreFileAndDir: [
      '^[.~]{1,1}[.]{1,128}$',
      '^.*_tools_pb\\.(cpp|h)$',
      '^.*testimpl_pb\\.(cpp|h)$',
      '^.*\\.pb\\.(cc|h)$',
      '^(sk_|sm_)[a-z0-9_.]{1,128}$',
      '^mm3rd$',
      '^lib32$',
      '^lib64$',
      '^lib64_debug$',
      '^lib64_release$',
      '^lib32_debug$',
      '^lib32_release$',
      '^debug$',
      '^release$',
      '^win32$',
      '^bin$',
      '^\\.svn$',
      '^\\.git$',
      '^\\.vscode$',
      '^build64_fastbuild$'
    ],
    updateCheckIntervalTime: 600000000,
    defaultbuildscript: 'function GetBuildCommands(hander, dirname, isCommd = true){\n' +
      '\tlet commids = {\n' +
      "\t\t'make':'make clean; make -j 8;mv a.out /tmp/;'\n" +
      '\t};\n' +
      '\thander.CallBack(0, commids, dirname);\n' +
      '}',
    updateCheckUrl: 'http://9.134.38.144:8888',
    buildParams: ''
  }
}
[2021-06-01T16:28:56.230] [INFO] cpptips - db path! /home/ubuntu/code/Code/newcode//.vscode/db/cpptips.db /home/ubuntu/code/Code/newcode//.vscode/db
[2021-06-01T16:28:56.230] [INFO] cpptips - KeyWordStore in constructor
[2021-06-01T16:28:56.231] [INFO] cpptips - databasepath: /home/ubuntu/code/Code/newcode//.vscode/db/cpptips.db
[2021-06-01T16:28:56.232] [INFO] cpptips - FileIndexStore in constructor
[2021-06-01T16:28:56.239] [INFO] cpptips - begin _initSystemIncludeIndex!
[2021-06-01T16:28:56.471] [INFO] cpptips - begin _reloadAllIncludeFile!
[2021-06-01T16:28:56.489] [DEBUG] cpptips - _reloadAllIncludeFile {"msg_type":0,"data":{"basepath":"/home/ubuntu/code/Code/newcode/","dbpath":"/home/ubuntu/code/Code/newcode//.vscode/db/cpptips.db","userConfig":{"needLoadLinkDir":[],"needLoadDir":[],"ignorDir":[],"ignoreFileAndDir":["^[.~]{1,1}[.]{1,128}$","^.*_tools_pb\\.(cpp|h)$","^.*testimpl_pb\\.(cpp|h)$","^.*\\.pb\\.(cc|h)$","^(sk_|sm_)[a-z0-9_.]{1,128}$","^mm3rd$","^lib32$","^lib64$","^lib64_debug$","^lib64_release$","^lib32_debug$","^lib32_release$","^debug$","^release$","^win32$","^bin$","^\\.svn$","^\\.git$","^\\.vscode$","^build64_fastbuild$"],"updateCheckIntervalTime":600000000,"defaultbuildscript":"function GetBuildCommands(hander, dirname, isCommd = true){\n\tlet commids = {\n\t\t'make':'make clean; make -j 8;mv a.out /tmp/;'\n\t};\n\thander.CallBack(0, commids, dirname);\n}","updateCheckUrl":"http://9.134.38.144:8888","buildParams":""}}}
[2021-06-01T16:28:56.842] [DEBUG] cpptips - begin getDocumentTree
[2021-06-01T16:28:56.842] [MARK] cpptips - getDocumentTree
[2021-06-01T16:28:56.843] [MARK] cpptips - Analyse
[2021-06-01T16:28:56.853] [MARK] cpptips - Analyse
[2021-06-01T16:28:56.853] [MARK] cpptips - getDocumentStruct
[2021-06-01T16:28:56.855] [MARK] cpptips - getDocumentStruct
[2021-06-01T16:28:56.855] [MARK] cpptips - getDocumentTree
[2021-06-01T16:28:56.855] [DEBUG] cpptips - begin getDepsInDefineJson
[2021-06-01T16:28:56.855] [MARK] cpptips - getDepsInDefineJson
[2021-06-01T16:28:56.856] [MARK] cpptips - getDepsInDefineJson
[2021-06-01T16:28:57.358] [DEBUG] cpptips - begin getDocumentTree
[2021-06-01T16:28:57.358] [MARK] cpptips - getDocumentTree
[2021-06-01T16:28:57.358] [MARK] cpptips - Analyse
[2021-06-01T16:28:57.359] [MARK] cpptips - Analyse
[2021-06-01T16:28:57.359] [MARK] cpptips - getDocumentStruct
[2021-06-01T16:28:57.368] [MARK] cpptips - getDocumentStruct
[2021-06-01T16:28:57.368] [MARK] cpptips - getDocumentTree
[2021-06-01T16:28:57.368] [DEBUG] cpptips - begin getDepsInDefineJson
[2021-06-01T16:28:57.368] [MARK] cpptips - getDepsInDefineJson
[2021-06-01T16:28:57.368] [MARK] cpptips - getDepsInDefineJson
[2021-06-01T16:28:57.761] [DEBUG] cpptips - success
[2021-06-01T16:28:57.762] [ERROR] cpptips - not find t_keyword, create table now
[2021-06-01T16:28:59.219] [DEBUG] cpptips - begin getDocumentTree
[2021-06-01T16:28:59.219] [MARK] cpptips - getDocumentTree
[2021-06-01T16:28:59.219] [MARK] cpptips - Analyse
[2021-06-01T16:28:59.222] [MARK] cpptips - Analyse
[2021-06-01T16:28:59.222] [MARK] cpptips - getDocumentStruct
[2021-06-01T16:28:59.222] [MARK] cpptips - getDocumentStruct
[2021-06-01T16:28:59.222] [MARK] cpptips - getDocumentTree
[2021-06-01T16:28:59.222] [DEBUG] cpptips - begin getDepsInDefineJson
[2021-06-01T16:28:59.222] [MARK] cpptips - getDepsInDefineJson
[2021-06-01T16:28:59.223] [MARK] cpptips - getDepsInDefineJson
[2021-06-01T16:29:00.001] [DEBUG] cpptips - begin getDocumentTree
[2021-06-01T16:29:00.001] [MARK] cpptips - getDocumentTree
[2021-06-01T16:29:00.002] [MARK] cpptips - Analyse
[2021-06-01T16:29:00.003] [MARK] cpptips - Analyse
[2021-06-01T16:29:00.003] [MARK] cpptips - getDocumentStruct
[2021-06-01T16:29:00.003] [MARK] cpptips - getDocumentStruct
[2021-06-01T16:29:00.003] [MARK] cpptips - getDocumentTree
[2021-06-01T16:29:00.003] [DEBUG] cpptips - begin getDepsInDefineJson
[2021-06-01T16:29:00.003] [MARK] cpptips - getDepsInDefineJson
[2021-06-01T16:29:00.003] [MARK] cpptips - getDepsInDefineJson
[2021-06-01T16:29:02.646] [DEBUG] cpptips - begin getDocumentTree
[2021-06-01T16:29:02.646] [MARK] cpptips - getDocumentTree
[2021-06-01T16:29:02.646] [MARK] cpptips - Analyse
[2021-06-01T16:29:02.647] [MARK] cpptips - Analyse
[2021-06-01T16:29:02.647] [MARK] cpptips - getDocumentStruct
[2021-06-01T16:29:02.647] [MARK] cpptips - getDocumentStruct
[2021-06-01T16:29:02.647] [MARK] cpptips - getDocumentTree
[2021-06-01T16:29:02.647] [DEBUG] cpptips - begin getDepsInDefineJson
[2021-06-01T16:29:02.647] [MARK] cpptips - getDepsInDefineJson
[2021-06-01T16:29:02.648] [MARK] cpptips - getDepsInDefineJson
[2021-06-01T16:29:05.459] [INFO] cpptips - Set {}
[2021-06-01T16:29:07.952] [DEBUG] cpptips - begin getDocumentTree
[2021-06-01T16:29:07.952] [MARK] cpptips - getDocumentTree
[2021-06-01T16:29:07.952] [MARK] cpptips - Analyse
[2021-06-01T16:29:07.954] [MARK] cpptips - Analyse
[2021-06-01T16:29:07.954] [MARK] cpptips - getDocumentStruct
[2021-06-01T16:29:07.954] [MARK] cpptips - getDocumentStruct
[2021-06-01T16:29:07.954] [MARK] cpptips - getDocumentTree
[2021-06-01T16:29:07.954] [DEBUG] cpptips - begin getDepsInDefineJson
[2021-06-01T16:29:07.954] [MARK] cpptips - getDepsInDefineJson
[2021-06-01T16:29:07.955] [MARK] cpptips - getDepsInDefineJson
[2021-06-01T16:29:08.107] [INFO] cpptips - NC33.cpp
[2021-06-01T16:29:08.107] [DEBUG] cpptips - debug: file:///home/ubuntu/code/Code/newcode/NC33.cpp /home/ubuntu/code/Code/newcode/ NC33.cpp
[2021-06-01T16:29:08.111] [DEBUG] cpptips - begin getDocumentTree
[2021-06-01T16:29:08.112] [MARK] cpptips - getDocumentTree
[2021-06-01T16:29:08.112] [MARK] cpptips - Analyse
[2021-06-01T16:29:08.112] [MARK] cpptips - Analyse
[2021-06-01T16:29:08.112] [MARK] cpptips - getDocumentStruct
[2021-06-01T16:29:08.113] [MARK] cpptips - getDocumentStruct
[2021-06-01T16:29:08.113] [MARK] cpptips - getDocumentTree
[2021-06-01T16:29:08.119] [INFO] cpptips - {"changes":[{"uri":"file:///home/ubuntu/code/Code/newcode/NC33.cpp","type":1}]}
[2021-06-01T16:29:08.119] [INFO] cpptips - Set { 'file:///home/ubuntu/code/Code/newcode/NC33.cpp' }
[2021-06-01T16:29:08.381] [DEBUG] cpptips - reloadOneIncludeFileCallBack: success
[2021-06-01T16:29:08.534] [INFO] cpptips - {"changes":[{"uri":"file:///home/ubuntu/code/Code/newcode/.vscode/.git/c55ca4b98344a2752a06dd1ecd18feb3_NC33.cpp","type":1}]}
[2021-06-01T16:29:08.534] [INFO] cpptips - Set {}
[2021-06-01T16:29:09.361] [DEBUG] cpptips - success
[2021-06-01T16:29:09.361] [INFO] cpptips - true [ 3551 ]
[2021-06-01T16:29:14.033] [DEBUG] cpptips - onCompletion file:///home/ubuntu/code/Code/newcode/NC33.cpp
[2021-06-01T16:29:14.148] [DEBUG] cpptips - onCompletion file:///home/ubuntu/code/Code/newcode/NC33.cpp
[2021-06-01T16:29:14.506] [DEBUG] cpptips - begin getDocumentTree
[2021-06-01T16:29:14.506] [MARK] cpptips - getDocumentTree
[2021-06-01T16:29:14.507] [MARK] cpptips - Analyse
[2021-06-01T16:29:14.507] [MARK] cpptips - Analyse
[2021-06-01T16:29:14.507] [MARK] cpptips - getDocumentStruct
[2021-06-01T16:29:14.507] [MARK] cpptips - getDocumentStruct
[2021-06-01T16:29:14.507] [MARK] cpptips - getDocumentTree
[2021-06-01T16:29:16.033] [DEBUG] cpptips - begin getDocumentTree
[2021-06-01T16:29:16.034] [MARK] cpptips - getDocumentTree
[2021-06-01T16:29:16.034] [MARK] cpptips - Analyse
[2021-06-01T16:29:16.034] [MARK] cpptips - Analyse
[2021-06-01T16:29:16.034] [MARK] cpptips - getDocumentStruct
[2021-06-01T16:29:16.034] [MARK] cpptips - getDocumentStruct
[2021-06-01T16:29:16.034] [MARK] cpptips - getDocumentTree
[2021-06-01T16:29:16.613] [DEBUG] cpptips - begin getDocumentTree
[2021-06-01T16:29:16.613] [MARK] cpptips - getDocumentTree
[2021-06-01T16:29:16.613] [MARK] cpptips - Analyse
[2021-06-01T16:29:16.613] [MARK] cpptips - Analyse
[2021-06-01T16:29:16.614] [MARK] cpptips - getDocumentStruct
[2021-06-01T16:29:16.614] [MARK] cpptips - getDocumentStruct
[2021-06-01T16:29:16.614] [MARK] cpptips - getDocumentTree
[2021-06-01T16:29:17.926] [DEBUG] cpptips - begin getDocumentTree
[2021-06-01T16:29:17.926] [MARK] cpptips - getDocumentTree
[2021-06-01T16:29:17.927] [MARK] cpptips - Analyse
[2021-06-01T16:29:17.927] [MARK] cpptips - Analyse
[2021-06-01T16:29:17.927] [MARK] cpptips - getDocumentStruct
[2021-06-01T16:29:17.927] [MARK] cpptips - getDocumentStruct
[2021-06-01T16:29:17.927] [MARK] cpptips - getDocumentTree
[2021-06-01T16:29:19.291] [DEBUG] cpptips - begin getDocumentTree
[2021-06-01T16:29:19.291] [MARK] cpptips - getDocumentTree
[2021-06-01T16:29:19.291] [MARK] cpptips - Analyse
[2021-06-01T16:29:19.291] [MARK] cpptips - Analyse
[2021-06-01T16:29:19.291] [MARK] cpptips - getDocumentStruct
[2021-06-01T16:29:19.291] [MARK] cpptips - getDocumentStruct
[2021-06-01T16:29:19.292] [MARK] cpptips - getDocumentTree
[2021-06-01T16:29:19.754] [DEBUG] cpptips - begin getDocumentTree
[2021-06-01T16:29:19.754] [MARK] cpptips - getDocumentTree
[2021-06-01T16:29:19.754] [MARK] cpptips - Analyse
[2021-06-01T16:29:19.754] [MARK] cpptips - Analyse
[2021-06-01T16:29:19.754] [MARK] cpptips - getDocumentStruct
[2021-06-01T16:29:19.754] [MARK] cpptips - getDocumentStruct
[2021-06-01T16:29:19.754] [MARK] cpptips - getDocumentTree
[2021-06-01T16:29:20.536] [DEBUG] cpptips - begin getDocumentTree
[2021-06-01T16:29:20.536] [MARK] cpptips - getDocumentTree
[2021-06-01T16:29:20.536] [MARK] cpptips - Analyse
[2021-06-01T16:29:20.536] [MARK] cpptips - Analyse
[2021-06-01T16:29:20.536] [MARK] cpptips - getDocumentStruct
[2021-06-01T16:29:20.536] [MARK] cpptips - getDocumentStruct
[2021-06-01T16:29:20.536] [MARK] cpptips - getDocumentTree
[2021-06-01T16:29:21.775] [DEBUG] cpptips - reloadOneIncludeFileCallBack: success
[2021-06-01T16:29:21.925] [DEBUG] cpptips - pos: 2 1
[2021-06-01T16:29:21.926] [DEBUG] cpptips - begin preKeyWordSearch
[2021-06-01T16:29:21.926] [MARK] cpptips - preKeyWordSearch
[2021-06-01T16:29:21.926] [MARK] cpptips - preKeyWordSearch
[2021-06-01T16:29:21.939] [INFO] cpptips - {"changes":[{"uri":"file:///home/ubuntu/code/Code/newcode/NC33.cpp","type":2}]}
[2021-06-01T16:29:21.939] [INFO] cpptips - Set {}
[2021-06-01T16:29:22.369] [DEBUG] cpptips - success
[2021-06-01T16:29:22.369] [INFO] cpptips - true [ 3551 ]
[2021-06-01T16:29:22.404] [DEBUG] cpptips - begin getDocumentTree
[2021-06-01T16:29:22.404] [MARK] cpptips - getDocumentTree
[2021-06-01T16:29:22.405] [MARK] cpptips - Analyse
[2021-06-01T16:29:22.405] [MARK] cpptips - Analyse
[2021-06-01T16:29:22.405] [MARK] cpptips - getDocumentStruct
[2021-06-01T16:29:22.405] [MARK] cpptips - getDocumentStruct
[2021-06-01T16:29:22.405] [MARK] cpptips - getDocumentTree
[2021-06-01T16:29:22.940] [DEBUG] cpptips - begin getDocumentTree
[2021-06-01T16:29:22.940] [MARK] cpptips - getDocumentTree
[2021-06-01T16:29:22.940] [MARK] cpptips - Analyse
[2021-06-01T16:29:22.940] [MARK] cpptips - Analyse
[2021-06-01T16:29:22.940] [MARK] cpptips - getDocumentStruct
[2021-06-01T16:29:22.940] [MARK] cpptips - getDocumentStruct
[2021-06-01T16:29:22.940] [MARK] cpptips - getDocumentTree
[2021-06-01T16:29:23.173] [DEBUG] cpptips - pos: 2 4
[2021-06-01T16:29:23.173] [DEBUG] cpptips - begin preKeyWordSearch
[2021-06-01T16:29:23.173] [MARK] cpptips - preKeyWordSearch
[2021-06-01T16:29:23.174] [MARK] cpptips - preKeyWordSearch
[2021-06-01T16:29:23.533] [DEBUG] cpptips - begin getDocumentTree
[2021-06-01T16:29:23.533] [MARK] cpptips - getDocumentTree
[2021-06-01T16:29:23.533] [MARK] cpptips - Analyse
[2021-06-01T16:29:23.534] [MARK] cpptips - Analyse
[2021-06-01T16:29:23.534] [MARK] cpptips - getDocumentStruct
[2021-06-01T16:29:23.534] [MARK] cpptips - getDocumentStruct
[2021-06-01T16:29:23.534] [MARK] cpptips - getDocumentTree
[2021-06-01T16:29:25.518] [DEBUG] cpptips - begin getDocumentTree
[2021-06-01T16:29:25.518] [MARK] cpptips - getDocumentTree
[2021-06-01T16:29:25.518] [MARK] cpptips - Analyse
[2021-06-01T16:29:25.518] [MARK] cpptips - Analyse
[2021-06-01T16:29:25.518] [MARK] cpptips - getDocumentStruct
[2021-06-01T16:29:25.518] [MARK] cpptips - getDocumentStruct
[2021-06-01T16:29:25.518] [MARK] cpptips - getDocumentTree
[2021-06-01T16:29:33.076] [DEBUG] cpptips - reloadOneIncludeFileCallBack: success
[2021-06-01T16:29:33.237] [INFO] cpptips - {"changes":[{"uri":"file:///home/ubuntu/code/Code/newcode/NC33.cpp","type":2}]}
[2021-06-01T16:29:33.237] [INFO] cpptips - Set {}
[2021-06-01T16:29:33.365] [DEBUG] cpptips - success
[2021-06-01T16:29:33.365] [INFO] cpptips - true [ 3551 ]
[2021-06-01T16:29:46.311] [INFO] cpptips - 9 0
[2021-06-01T16:29:46.312] [DEBUG] cpptips - begin getDefinePoint
[2021-06-01T16:29:46.312] [MARK] cpptips - getDefinePoint
[2021-06-01T16:29:46.316] [MARK] cpptips - getDefinePoint
[2021-06-01T16:29:46.712] [INFO] cpptips - 10 2
[2021-06-01T16:29:46.712] [DEBUG] cpptips - begin getDefinePoint
[2021-06-01T16:29:46.712] [MARK] cpptips - getDefinePoint
[2021-06-01T16:29:46.713] [MARK] cpptips - getDefinePoint
[2021-06-01T16:29:47.972] [INFO] cpptips - 8 2
[2021-06-01T16:29:47.972] [DEBUG] cpptips - begin getDefinePoint
[2021-06-01T16:29:47.972] [MARK] cpptips - getDefinePoint
[2021-06-01T16:29:47.973] [MARK] cpptips - getDefinePoint
[2021-06-01T16:29:48.339] [INFO] cpptips - 8 2
[2021-06-01T16:29:48.339] [DEBUG] cpptips - begin getDefinePoint
[2021-06-01T16:29:48.339] [MARK] cpptips - getDefinePoint
[2021-06-01T16:29:48.340] [MARK] cpptips - getDefinePoint
[2021-06-01T16:29:48.642] [INFO] cpptips - 7 2
[2021-06-01T16:29:48.642] [DEBUG] cpptips - begin getDefinePoint
[2021-06-01T16:29:48.642] [MARK] cpptips - getDefinePoint
[2021-06-01T16:29:48.643] [MARK] cpptips - getDefinePoint
[2021-06-01T16:29:51.870] [DEBUG] cpptips - reloadOneIncludeFileCallBack: success
[2021-06-01T16:29:52.017] [INFO] cpptips - {"changes":[{"uri":"file:///home/ubuntu/code/Code/newcode/NC33.cpp","type":2}]}
[2021-06-01T16:29:52.018] [INFO] cpptips - Set {}
[2021-06-01T16:29:52.390] [DEBUG] cpptips - success
[2021-06-01T16:29:52.390] [INFO] cpptips - true [ 3551 ]
[2021-06-01T16:29:56.842] [INFO] cpptips - 24 37
[2021-06-01T16:29:56.842] [DEBUG] cpptips - begin getDefinePoint
[2021-06-01T16:29:56.842] [MARK] cpptips - getDefinePoint
[2021-06-01T16:29:56.843] [DEBUG] cpptips - Solution
[2021-06-01T16:29:56.845] [INFO] cpptips - filepath: /home/ubuntu/code/Code/newcode//NC33.cpp
[2021-06-01T16:29:56.845] [INFO] cpptips - _filename: /home/ubuntu/code/Code/newcode//NC33.cpp
[2021-06-01T16:29:56.845] [MARK] cpptips - getDefinePoint
[2021-06-01T16:29:59.795] [DEBUG] cpptips - begin getDocumentTree
[2021-06-01T16:29:59.795] [MARK] cpptips - getDocumentTree
[2021-06-01T16:29:59.795] [MARK] cpptips - Analyse
[2021-06-01T16:29:59.797] [MARK] cpptips - Analyse
[2021-06-01T16:29:59.797] [MARK] cpptips - getDocumentStruct
[2021-06-01T16:29:59.797] [MARK] cpptips - getDocumentStruct
[2021-06-01T16:29:59.797] [MARK] cpptips - getDocumentTree
[2021-06-01T16:29:59.798] [DEBUG] cpptips - begin getDepsInDefineJson
[2021-06-01T16:29:59.798] [MARK] cpptips - getDepsInDefineJson
[2021-06-01T16:29:59.798] [MARK] cpptips - getDepsInDefineJson
[2021-06-01T16:30:03.747] [INFO] cpptips - 24 40
[2021-06-01T16:30:03.747] [DEBUG] cpptips - begin getDefinePoint
[2021-06-01T16:30:03.747] [MARK] cpptips - getDefinePoint
[2021-06-01T16:30:03.747] [DEBUG] cpptips - Solution
[2021-06-01T16:30:03.748] [INFO] cpptips - filepath: /home/ubuntu/code/Code/newcode//NC33.cpp
[2021-06-01T16:30:03.748] [INFO] cpptips - _filename: /home/ubuntu/code/Code/newcode//NC33.cpp
[2021-06-01T16:30:03.748] [MARK] cpptips - getDefinePoint
[2021-06-01T16:30:10.000] [DEBUG] cpptips - reloadOneIncludeFileCallBack: success
[2021-06-01T16:30:10.145] [INFO] cpptips - {"changes":[{"uri":"file:///home/ubuntu/code/Code/newcode/NC33.cpp","type":2}]}
[2021-06-01T16:30:10.145] [INFO] cpptips - Set {}
[2021-06-01T16:30:10.396] [DEBUG] cpptips - success
[2021-06-01T16:30:10.396] [INFO] cpptips - true [ 3551 ]
[2021-06-01T16:30:15.350] [DEBUG] cpptips - begin getDocumentTree
[2021-06-01T16:30:15.350] [MARK] cpptips - getDocumentTree
[2021-06-01T16:30:15.350] [MARK] cpptips - Analyse
[2021-06-01T16:30:15.352] [MARK] cpptips - Analyse
[2021-06-01T16:30:15.352] [MARK] cpptips - getDocumentStruct
[2021-06-01T16:30:15.353] [MARK] cpptips - getDocumentStruct
[2021-06-01T16:30:15.353] [MARK] cpptips - getDocumentTree
[2021-06-01T16:30:15.353] [DEBUG] cpptips - begin getDepsInDefineJson
[2021-06-01T16:30:15.353] [MARK] cpptips - getDepsInDefineJson
[2021-06-01T16:30:15.353] [MARK] cpptips - getDepsInDefineJson
[2021-06-01T16:31:11.521] [INFO] cpptips - {"changes":[{"uri":"file:///home/ubuntu/code/Code/newcode/.vscode/.git/c55ca4b98344a2752a06dd1ecd18feb3_NC33.cpp","type":2}]}
[2021-06-01T16:31:11.521] [INFO] cpptips - Set {}
[2021-06-01T16:33:48.964] [DEBUG] cpptips - on onShutdown
[2021-06-01T16:38:49.902] [DEBUG] cpptips - begin getDocumentTree
[2021-06-01T16:38:49.903] [MARK] cpptips - getDocumentTree
[2021-06-01T16:38:49.903] [MARK] cpptips - Analyse
[2021-06-01T16:38:49.906] [MARK] cpptips - Analyse
[2021-06-01T16:38:49.906] [MARK] cpptips - getDocumentStruct
[2021-06-01T16:38:49.906] [MARK] cpptips - getDocumentStruct
[2021-06-01T16:38:49.906] [MARK] cpptips - getDocumentTree
[2021-06-01T16:38:49.906] [DEBUG] cpptips - begin getDepsInDefineJson
[2021-06-01T16:38:49.906] [MARK] cpptips - getDepsInDefineJson
[2021-06-01T16:38:49.907] [MARK] cpptips - getDepsInDefineJson
[2021-06-01T16:38:49.973] [INFO] cpptips - {"changes":[{"uri":"file:///home/ubuntu/code/Code/newcode/NC76.cpp","type":1}]}
[2021-06-01T16:38:49.973] [INFO] cpptips - Set { 'file:///home/ubuntu/code/Code/newcode/NC76.cpp' }
[2021-06-01T16:38:50.052] [INFO] cpptips - NC76.cpp
[2021-06-01T16:38:50.052] [DEBUG] cpptips - debug: file:///home/ubuntu/code/Code/newcode/NC76.cpp /home/ubuntu/code/Code/newcode/ NC76.cpp
[2021-06-01T16:38:50.053] [DEBUG] cpptips - begin getDocumentTree
[2021-06-01T16:38:50.053] [MARK] cpptips - getDocumentTree
[2021-06-01T16:38:50.053] [MARK] cpptips - Analyse
[2021-06-01T16:38:50.054] [MARK] cpptips - Analyse
[2021-06-01T16:38:50.054] [MARK] cpptips - getDocumentStruct
[2021-06-01T16:38:50.054] [MARK] cpptips - getDocumentStruct
[2021-06-01T16:38:50.054] [MARK] cpptips - getDocumentTree
[2021-06-01T16:38:50.140] [DEBUG] cpptips - reloadOneIncludeFileCallBack: success
[2021-06-01T16:38:50.623] [INFO] cpptips - {"changes":[{"uri":"file:///home/ubuntu/code/Code/newcode/.vscode/.git/c55ca4b98344a2752a06dd1ecd18feb3_NC76.cpp","type":1}]}
[2021-06-01T16:38:50.623] [INFO] cpptips - Set {}
[2021-06-01T16:38:50.808] [DEBUG] cpptips - success
[2021-06-01T16:38:50.808] [INFO] cpptips - true [ 3552 ]
[2021-06-01T16:39:01.461] [DEBUG] cpptips - onCompletion file:///home/ubuntu/code/Code/newcode/NC76.cpp
[2021-06-01T16:39:01.605] [DEBUG] cpptips - onCompletion file:///home/ubuntu/code/Code/newcode/NC76.cpp
[2021-06-01T16:39:01.960] [DEBUG] cpptips - begin getDocumentTree
[2021-06-01T16:39:01.960] [MARK] cpptips - getDocumentTree
[2021-06-01T16:39:01.961] [MARK] cpptips - Analyse
[2021-06-01T16:39:01.961] [MARK] cpptips - Analyse
[2021-06-01T16:39:01.961] [MARK] cpptips - getDocumentStruct
[2021-06-01T16:39:01.961] [MARK] cpptips - getDocumentStruct
[2021-06-01T16:39:01.961] [MARK] cpptips - getDocumentTree
[2021-06-01T16:39:13.936] [DEBUG] cpptips - pos: 2 1
[2021-06-01T16:39:13.937] [DEBUG] cpptips - begin preKeyWordSearch
[2021-06-01T16:39:13.937] [MARK] cpptips - preKeyWordSearch
[2021-06-01T16:39:13.937] [MARK] cpptips - preKeyWordSearch
[2021-06-01T16:39:14.504] [DEBUG] cpptips - pos: 2 4
[2021-06-01T16:39:14.504] [DEBUG] cpptips - begin preKeyWordSearch
[2021-06-01T16:39:14.504] [MARK] cpptips - preKeyWordSearch
[2021-06-01T16:39:14.504] [MARK] cpptips - preKeyWordSearch
[2021-06-01T16:39:17.410] [DEBUG] cpptips - begin getDocumentTree
[2021-06-01T16:39:17.410] [MARK] cpptips - getDocumentTree
[2021-06-01T16:39:17.410] [MARK] cpptips - Analyse
[2021-06-01T16:39:17.411] [MARK] cpptips - Analyse
[2021-06-01T16:39:17.411] [MARK] cpptips - getDocumentStruct
[2021-06-01T16:39:17.411] [MARK] cpptips - getDocumentStruct
[2021-06-01T16:39:17.411] [MARK] cpptips - getDocumentTree
[2021-06-01T16:39:28.784] [DEBUG] cpptips - begin getDocumentTree
[2021-06-01T16:39:28.784] [MARK] cpptips - getDocumentTree
[2021-06-01T16:39:28.784] [MARK] cpptips - Analyse
[2021-06-01T16:39:28.784] [MARK] cpptips - Analyse
[2021-06-01T16:39:28.784] [MARK] cpptips - getDocumentStruct
[2021-06-01T16:39:28.784] [MARK] cpptips - getDocumentStruct
[2021-06-01T16:39:28.784] [MARK] cpptips - getDocumentTree
[2021-06-01T16:39:34.883] [DEBUG] cpptips - begin getDocumentTree
[2021-06-01T16:39:34.883] [MARK] cpptips - getDocumentTree
[2021-06-01T16:39:34.883] [MARK] cpptips - Analyse
[2021-06-01T16:39:34.884] [MARK] cpptips - Analyse
[2021-06-01T16:39:34.884] [MARK] cpptips - getDocumentStruct
[2021-06-01T16:39:34.885] [MARK] cpptips - getDocumentStruct
[2021-06-01T16:39:34.885] [MARK] cpptips - getDocumentTree
[2021-06-01T16:39:34.885] [DEBUG] cpptips - begin getDepsInDefineJson
[2021-06-01T16:39:34.885] [MARK] cpptips - getDepsInDefineJson
[2021-06-01T16:39:34.885] [MARK] cpptips - getDepsInDefineJson
[2021-06-01T16:39:39.925] [DEBUG] cpptips - pos: 5 5
[2021-06-01T16:39:39.925] [DEBUG] cpptips - begin preKeyWordSearch
[2021-06-01T16:39:39.925] [MARK] cpptips - preKeyWordSearch
[2021-06-01T16:39:39.925] [DEBUG] cpptips - linecode: incl
[2021-06-01T16:39:39.926] [DEBUG] cpptips - begin searchKeyWord
[2021-06-01T16:39:39.926] [MARK] cpptips - searchKeyWord
[2021-06-01T16:39:39.927] [MARK] cpptips - freezFindAllByPreKeyword
[2021-06-01T16:39:39.930] [MARK] cpptips - freezFindAllByPreKeyword
[2021-06-01T16:39:39.930] [MARK] cpptips - searchKeyWord
[2021-06-01T16:39:39.930] [MARK] cpptips - preKeyWordSearch
[2021-06-01T16:39:40.548] [DEBUG] cpptips - pos: 5 9
[2021-06-01T16:39:40.548] [DEBUG] cpptips - begin preKeyWordSearch
[2021-06-01T16:39:40.549] [MARK] cpptips - preKeyWordSearch
[2021-06-01T16:39:40.549] [DEBUG] cpptips - linecode: include
[2021-06-01T16:39:40.549] [DEBUG] cpptips - begin searchKeyWord
[2021-06-01T16:39:40.549] [MARK] cpptips - searchKeyWord
[2021-06-01T16:39:40.549] [MARK] cpptips - freezFindAllByPreKeyword
[2021-06-01T16:39:40.552] [MARK] cpptips - freezFindAllByPreKeyword
[2021-06-01T16:39:40.553] [MARK] cpptips - searchKeyWord
[2021-06-01T16:39:40.553] [MARK] cpptips - preKeyWordSearch
[2021-06-01T16:39:43.457] [DEBUG] cpptips - pos: 7 1
[2021-06-01T16:39:43.457] [DEBUG] cpptips - begin preKeyWordSearch
[2021-06-01T16:39:43.457] [MARK] cpptips - preKeyWordSearch
[2021-06-01T16:39:43.457] [DEBUG] cpptips - linecode: u
[2021-06-01T16:39:43.457] [DEBUG] cpptips - begin searchKeyWord
[2021-06-01T16:39:43.457] [MARK] cpptips - searchKeyWord
[2021-06-01T16:39:43.458] [MARK] cpptips - freezFindAllByPreKeyword
[2021-06-01T16:39:43.460] [MARK] cpptips - freezFindAllByPreKeyword
[2021-06-01T16:39:43.461] [MARK] cpptips - searchKeyWord
[2021-06-01T16:39:43.461] [MARK] cpptips - preKeyWordSearch
[2021-06-01T16:39:43.604] [DEBUG] cpptips - pos: 7 2
[2021-06-01T16:39:43.604] [DEBUG] cpptips - begin preKeyWordSearch
[2021-06-01T16:39:43.604] [MARK] cpptips - preKeyWordSearch
[2021-06-01T16:39:43.604] [DEBUG] cpptips - linecode: us
[2021-06-01T16:39:43.604] [DEBUG] cpptips - begin searchKeyWord
[2021-06-01T16:39:43.604] [MARK] cpptips - searchKeyWord
[2021-06-01T16:39:43.604] [MARK] cpptips - freezFindAllByPreKeyword
[2021-06-01T16:39:43.606] [MARK] cpptips - freezFindAllByPreKeyword
[2021-06-01T16:39:43.606] [MARK] cpptips - searchKeyWord
[2021-06-01T16:39:43.607] [MARK] cpptips - preKeyWordSearch
[2021-06-01T16:39:43.708] [DEBUG] cpptips - pos: 7 3
[2021-06-01T16:39:43.708] [DEBUG] cpptips - begin preKeyWordSearch
[2021-06-01T16:39:43.708] [MARK] cpptips - preKeyWordSearch
[2021-06-01T16:39:43.708] [DEBUG] cpptips - linecode: usi
[2021-06-01T16:39:43.708] [DEBUG] cpptips - begin searchKeyWord
[2021-06-01T16:39:43.708] [MARK] cpptips - searchKeyWord
[2021-06-01T16:39:43.708] [MARK] cpptips - freezFindAllByPreKeyword
[2021-06-01T16:39:43.710] [MARK] cpptips - freezFindAllByPreKeyword
[2021-06-01T16:39:43.710] [MARK] cpptips - searchKeyWord
[2021-06-01T16:39:43.710] [MARK] cpptips - preKeyWordSearch
[2021-06-01T16:39:44.310] [DEBUG] cpptips - pos: 7 6
[2021-06-01T16:39:44.311] [DEBUG] cpptips - begin preKeyWordSearch
[2021-06-01T16:39:44.311] [MARK] cpptips - preKeyWordSearch
[2021-06-01T16:39:44.311] [DEBUG] cpptips - linecode: using
[2021-06-01T16:39:44.311] [DEBUG] cpptips - begin searchKeyWord
[2021-06-01T16:39:44.311] [MARK] cpptips - searchKeyWord
[2021-06-01T16:39:44.311] [MARK] cpptips - freezFindAllByPreKeyword
[2021-06-01T16:39:44.314] [MARK] cpptips - freezFindAllByPreKeyword
[2021-06-01T16:39:44.314] [MARK] cpptips - searchKeyWord
[2021-06-01T16:39:44.314] [MARK] cpptips - preKeyWordSearch
[2021-06-01T16:39:44.543] [DEBUG] cpptips - pos: 7 7
[2021-06-01T16:39:44.543] [DEBUG] cpptips - begin preKeyWordSearch
[2021-06-01T16:39:44.543] [MARK] cpptips - preKeyWordSearch
[2021-06-01T16:39:44.543] [DEBUG] cpptips - linecode: n
[2021-06-01T16:39:44.543] [DEBUG] cpptips - begin searchKeyWord
[2021-06-01T16:39:44.543] [MARK] cpptips - searchKeyWord
[2021-06-01T16:39:44.543] [MARK] cpptips - freezFindAllByPreKeyword
[2021-06-01T16:39:44.546] [MARK] cpptips - freezFindAllByPreKeyword
[2021-06-01T16:39:44.546] [MARK] cpptips - searchKeyWord
[2021-06-01T16:39:44.547] [MARK] cpptips - preKeyWordSearch
[2021-06-01T16:39:44.671] [DEBUG] cpptips - pos: 7 8
[2021-06-01T16:39:44.672] [DEBUG] cpptips - begin preKeyWordSearch
[2021-06-01T16:39:44.672] [MARK] cpptips - preKeyWordSearch
[2021-06-01T16:39:44.672] [DEBUG] cpptips - linecode: na
[2021-06-01T16:39:44.672] [DEBUG] cpptips - begin searchKeyWord
[2021-06-01T16:39:44.672] [MARK] cpptips - searchKeyWord
[2021-06-01T16:39:44.672] [MARK] cpptips - freezFindAllByPreKeyword
[2021-06-01T16:39:44.674] [MARK] cpptips - freezFindAllByPreKeyword
[2021-06-01T16:39:44.674] [MARK] cpptips - searchKeyWord
[2021-06-01T16:39:44.674] [MARK] cpptips - preKeyWordSearch
[2021-06-01T16:39:46.480] [DEBUG] cpptips - begin getDocumentTree
[2021-06-01T16:39:46.481] [MARK] cpptips - getDocumentTree
[2021-06-01T16:39:46.481] [MARK] cpptips - Analyse
[2021-06-01T16:39:46.482] [MARK] cpptips - Analyse
[2021-06-01T16:39:46.482] [MARK] cpptips - getDocumentStruct
[2021-06-01T16:39:46.482] [MARK] cpptips - getDocumentStruct
[2021-06-01T16:39:46.482] [MARK] cpptips - getDocumentTree
[2021-06-01T16:39:46.482] [DEBUG] cpptips - begin getDepsInDefineJson
[2021-06-01T16:39:46.482] [MARK] cpptips - getDepsInDefineJson
[2021-06-01T16:39:46.482] [MARK] cpptips - getDepsInDefineJson
[2021-06-01T16:39:47.225] [DEBUG] cpptips - pos: 7 16
[2021-06-01T16:39:47.226] [DEBUG] cpptips - begin preKeyWordSearch
[2021-06-01T16:39:47.226] [MARK] cpptips - preKeyWordSearch
[2021-06-01T16:39:47.226] [DEBUG] cpptips - linecode: namespace
[2021-06-01T16:39:47.226] [DEBUG] cpptips - begin searchKeyWord
[2021-06-01T16:39:47.226] [MARK] cpptips - searchKeyWord
[2021-06-01T16:39:47.226] [MARK] cpptips - freezFindAllByPreKeyword
[2021-06-01T16:39:47.228] [MARK] cpptips - freezFindAllByPreKeyword
[2021-06-01T16:39:47.228] [MARK] cpptips - searchKeyWord
[2021-06-01T16:39:47.228] [MARK] cpptips - preKeyWordSearch
[2021-06-01T16:39:47.697] [DEBUG] cpptips - pos: 7 17
[2021-06-01T16:39:47.697] [DEBUG] cpptips - begin preKeyWordSearch
[2021-06-01T16:39:47.697] [MARK] cpptips - preKeyWordSearch
[2021-06-01T16:39:47.697] [DEBUG] cpptips - linecode: s
[2021-06-01T16:39:47.697] [DEBUG] cpptips - begin searchKeyWord
[2021-06-01T16:39:47.697] [MARK] cpptips - searchKeyWord
[2021-06-01T16:39:47.697] [MARK] cpptips - freezFindAllByPreKeyword
[2021-06-01T16:39:47.700] [MARK] cpptips - freezFindAllByPreKeyword
[2021-06-01T16:39:47.701] [MARK] cpptips - searchKeyWord
[2021-06-01T16:39:47.701] [MARK] cpptips - preKeyWordSearch
[2021-06-01T16:39:47.842] [DEBUG] cpptips - pos: 7 18
[2021-06-01T16:39:47.842] [DEBUG] cpptips - begin preKeyWordSearch
[2021-06-01T16:39:47.842] [MARK] cpptips - preKeyWordSearch
[2021-06-01T16:39:47.842] [DEBUG] cpptips - linecode: st
[2021-06-01T16:39:47.842] [DEBUG] cpptips - begin searchKeyWord
[2021-06-01T16:39:47.842] [MARK] cpptips - searchKeyWord
[2021-06-01T16:39:47.843] [MARK] cpptips - freezFindAllByPreKeyword
[2021-06-01T16:39:47.844] [MARK] cpptips - freezFindAllByPreKeyword
[2021-06-01T16:39:47.844] [MARK] cpptips - searchKeyWord
[2021-06-01T16:39:47.845] [MARK] cpptips - preKeyWordSearch
[2021-06-01T16:39:50.060] [DEBUG] cpptips - reloadOneIncludeFileCallBack: success
[2021-06-01T16:39:50.148] [INFO] cpptips - {"changes":[{"uri":"file:///home/ubuntu/code/Code/newcode/NC76.cpp","type":2}]}
[2021-06-01T16:39:50.148] [INFO] cpptips - Set {}
[2021-06-01T16:39:50.445] [DEBUG] cpptips - begin getDocumentTree
[2021-06-01T16:39:50.445] [MARK] cpptips - getDocumentTree
[2021-06-01T16:39:50.445] [MARK] cpptips - Analyse
[2021-06-01T16:39:50.447] [MARK] cpptips - Analyse
[2021-06-01T16:39:50.447] [MARK] cpptips - getDocumentStruct
[2021-06-01T16:39:50.447] [MARK] cpptips - getDocumentStruct
[2021-06-01T16:39:50.447] [MARK] cpptips - getDocumentTree
[2021-06-01T16:39:50.447] [DEBUG] cpptips - begin getDepsInDefineJson
[2021-06-01T16:39:50.447] [MARK] cpptips - getDepsInDefineJson
[2021-06-01T16:39:50.447] [MARK] cpptips - getDepsInDefineJson
[2021-06-01T16:39:50.866] [DEBUG] cpptips - success
[2021-06-01T16:39:50.866] [INFO] cpptips - true [
  2229, 2263, 2618, 2669, 2688, 2751,
  2686, 2666, 2685, 2703, 2737, 2740,
  2120, 2143, 2731, 2739, 2336, 2595,
  2674, 2680, 2681, 2682, 2711, 2121,
  2144, 2712, 2154, 2156, 2168, 2312,
  2615, 2325, 2744, 2105, 2128, 2117,
  2140, 2736, 2597, 2617, 2011, 2298,
  2749, 2735, 2710, 1984, 2769, 3552
]
[2021-06-01T16:40:50.641] [INFO] cpptips - {"changes":[{"uri":"file:///home/ubuntu/code/Code/newcode/.vscode/.git/c55ca4b98344a2752a06dd1ecd18feb3_NC76.cpp","type":2}]}
[2021-06-01T16:40:50.642] [INFO] cpptips - Set {}
[2021-06-01T17:18:46.157] [DEBUG] cpptips - on onShutdown
[2021-06-01T17:19:08.945] [DEBUG] cpptips - root path /home/ubuntu/code/Code/newcode
[2021-06-01T17:19:09.127] [DEBUG] cpptips - userconfig {"needLoadLinkDir":[],"needLoadDir":[],"ignorDir":[],"ignoreFileAndDir":["^[.~]{1,1}[.]{1,128}$","^.*_tools_pb\\.(cpp|h)$","^.*testimpl_pb\\.(cpp|h)$","^.*\\.pb\\.(cc|h)$","^(sk_|sm_)[a-z0-9_.]{1,128}$","^mm3rd$","^lib32$","^lib64$","^lib64_debug$","^lib64_release$","^lib32_debug$","^lib32_release$","^debug$","^release$","^win32$","^bin$","^\\.svn$","^\\.git$","^\\.vscode$","^build64_fastbuild$"],"updateCheckIntervalTime":600000000,"defaultbuildscript":"function GetBuildCommands(hander, dirname, isCommd = true){\n\tlet commids = {\n\t\t'make':'make clean; make -j 8;mv a.out /tmp/;'\n\t};\n\thander.CallBack(0, commids, dirname);\n}","updateCheckUrl":"http://9.134.38.144:8888","buildParams":""}
[2021-06-01T17:19:09.128] [INFO] cpptips - config: {
  basedir: '/home/ubuntu/code/Code/newcode/',
  dbpath: '/home/ubuntu/code/Code/newcode//.vscode/db/cpptips.db',
  showsql: 0,
  extpath: '/home/ubuntu/.vscode-server/extensions/widyhu.cpptips-0.4.14',
  userConfig: {
    needLoadLinkDir: [],
    needLoadDir: [],
    ignorDir: [],
    ignoreFileAndDir: [
      '^[.~]{1,1}[.]{1,128}$',
      '^.*_tools_pb\\.(cpp|h)$',
      '^.*testimpl_pb\\.(cpp|h)$',
      '^.*\\.pb\\.(cc|h)$',
      '^(sk_|sm_)[a-z0-9_.]{1,128}$',
      '^mm3rd$',
      '^lib32$',
      '^lib64$',
      '^lib64_debug$',
      '^lib64_release$',
      '^lib32_debug$',
      '^lib32_release$',
      '^debug$',
      '^release$',
      '^win32$',
      '^bin$',
      '^\\.svn$',
      '^\\.git$',
      '^\\.vscode$',
      '^build64_fastbuild$'
    ],
    updateCheckIntervalTime: 600000000,
    defaultbuildscript: 'function GetBuildCommands(hander, dirname, isCommd = true){\n' +
      '\tlet commids = {\n' +
      "\t\t'make':'make clean; make -j 8;mv a.out /tmp/;'\n" +
      '\t};\n' +
      '\thander.CallBack(0, commids, dirname);\n' +
      '}',
    updateCheckUrl: 'http://9.134.38.144:8888',
    buildParams: ''
  }
}
[2021-06-01T17:19:09.129] [INFO] cpptips - db path! /home/ubuntu/code/Code/newcode//.vscode/db/cpptips.db /home/ubuntu/code/Code/newcode//.vscode/db
[2021-06-01T17:19:09.129] [INFO] cpptips - KeyWordStore in constructor
[2021-06-01T17:19:09.130] [INFO] cpptips - databasepath: /home/ubuntu/code/Code/newcode//.vscode/db/cpptips.db
[2021-06-01T17:19:09.132] [INFO] cpptips - FileIndexStore in constructor
[2021-06-01T17:19:09.133] [INFO] cpptips - begin _initSystemIncludeIndex!
[2021-06-01T17:19:09.358] [INFO] cpptips - begin _reloadAllIncludeFile!
[2021-06-01T17:19:09.364] [DEBUG] cpptips - _reloadAllIncludeFile {"msg_type":0,"data":{"basepath":"/home/ubuntu/code/Code/newcode/","dbpath":"/home/ubuntu/code/Code/newcode//.vscode/db/cpptips.db","userConfig":{"needLoadLinkDir":[],"needLoadDir":[],"ignorDir":[],"ignoreFileAndDir":["^[.~]{1,1}[.]{1,128}$","^.*_tools_pb\\.(cpp|h)$","^.*testimpl_pb\\.(cpp|h)$","^.*\\.pb\\.(cc|h)$","^(sk_|sm_)[a-z0-9_.]{1,128}$","^mm3rd$","^lib32$","^lib64$","^lib64_debug$","^lib64_release$","^lib32_debug$","^lib32_release$","^debug$","^release$","^win32$","^bin$","^\\.svn$","^\\.git$","^\\.vscode$","^build64_fastbuild$"],"updateCheckIntervalTime":600000000,"defaultbuildscript":"function GetBuildCommands(hander, dirname, isCommd = true){\n\tlet commids = {\n\t\t'make':'make clean; make -j 8;mv a.out /tmp/;'\n\t};\n\thander.CallBack(0, commids, dirname);\n}","updateCheckUrl":"http://9.134.38.144:8888","buildParams":""}}}
[2021-06-01T17:19:18.683] [INFO] cpptips - Set {}
[2021-06-01T17:20:30.646] [DEBUG] cpptips - on onShutdown
